TN:
SF:cluster1/lockpay_cancel.ts
FN:20,(anonymous_1)
FN:27,(anonymous_2)
FN:31,(anonymous_3)
FN:46,(anonymous_4)
FNF:4
FNH:4
FNDA:2,(anonymous_1)
FNDA:2,(anonymous_2)
FNDA:2,(anonymous_3)
FNDA:2,(anonymous_4)
DA:1,2
DA:10,2
DA:12,2
DA:14,2
DA:16,2
DA:17,2
DA:18,2
DA:20,2
DA:21,2
DA:27,2
DA:28,2
DA:31,2
DA:32,2
DA:33,2
DA:35,2
DA:36,2
DA:43,2
DA:46,2
DA:47,2
DA:48,2
DA:49,2
DA:51,2
DA:52,2
DA:54,2
DA:58,1
DA:62,1
LF:26
LH:26
BRDA:48,0,0,2
BRDA:48,0,1,2
BRF:2
BRH:2
end_of_record
TN:
SF:cluster1/lockpay_claim.ts
FN:20,(anonymous_1)
FN:27,(anonymous_2)
FN:31,(anonymous_3)
FN:46,(anonymous_4)
FNF:4
FNH:4
FNDA:2,(anonymous_1)
FNDA:2,(anonymous_2)
FNDA:2,(anonymous_3)
FNDA:2,(anonymous_4)
DA:1,2
DA:10,2
DA:12,2
DA:14,2
DA:16,2
DA:17,2
DA:18,2
DA:20,2
DA:21,2
DA:27,2
DA:28,2
DA:31,2
DA:32,2
DA:33,2
DA:35,2
DA:36,2
DA:43,2
DA:46,2
DA:47,2
DA:48,2
DA:49,2
DA:51,2
DA:52,2
DA:54,2
DA:58,1
DA:62,1
LF:26
LH:26
BRDA:48,0,0,2
BRDA:48,0,1,2
BRF:2
BRH:2
end_of_record
TN:
SF:cluster1/lockpay_initialize_vault.ts
FN:22,(anonymous_1)
FN:29,(anonymous_2)
FN:33,(anonymous_3)
FN:39,(anonymous_4)
FN:60,(anonymous_5)
FNF:5
FNH:5
FNDA:2,(anonymous_1)
FNDA:2,(anonymous_2)
FNDA:2,(anonymous_3)
FNDA:2,(anonymous_4)
FNDA:2,(anonymous_5)
DA:1,2
DA:10,2
DA:12,2
DA:14,2
DA:18,2
DA:19,2
DA:20,2
DA:22,2
DA:23,2
DA:29,2
DA:30,2
DA:33,2
DA:34,2
DA:35,2
DA:36,2
DA:39,2
DA:40,2
DA:41,2
DA:43,2
DA:49,2
DA:57,2
DA:60,2
DA:61,2
DA:62,2
DA:63,2
DA:64,2
DA:66,2
DA:70,1
DA:74,1
LF:29
LH:29
BRF:0
BRH:0
end_of_record
